mode: set
github.com/danfixeads/livepush/main.go:12.13,14.2 1 1
github.com/danfixeads/livepush/main.go:16.17,20.2 3 1
github.com/danfixeads/livepush/main.go:22.33,23.16 1 1
github.com/danfixeads/livepush/main.go:23.16,25.3 1 0
github.com/danfixeads/livepush/app/app.go:25.37,34.2 4 1
github.com/danfixeads/livepush/app/app.go:37.42,39.2 1 1
github.com/danfixeads/livepush/app/app.go:42.43,93.2 8 1
github.com/danfixeads/livepush/app/app.go:96.35,121.45 18 1
github.com/danfixeads/livepush/app/app.go:124.2,124.47 1 0
github.com/danfixeads/livepush/app/app.go:121.45,123.3 1 1
github.com/danfixeads/livepush/app/app.go:131.72,133.2 1 1
github.com/danfixeads/livepush/app/app.go:135.76,141.2 4 1
github.com/danfixeads/livepush/app/app_client.go:12.68,16.43 3 1
github.com/danfixeads/livepush/app/app_client.go:20.2,22.45 2 1
github.com/danfixeads/livepush/app/app_client.go:30.2,30.43 1 1
github.com/danfixeads/livepush/app/app_client.go:16.43,19.3 2 1
github.com/danfixeads/livepush/app/app_client.go:22.45,23.14 1 1
github.com/danfixeads/livepush/app/app_client.go:27.3,27.9 1 1
github.com/danfixeads/livepush/app/app_client.go:24.11,25.59 1 1
github.com/danfixeads/livepush/app/app_client.go:34.68,41.43 5 1
github.com/danfixeads/livepush/app/app_client.go:45.2,48.45 3 1
github.com/danfixeads/livepush/app/app_client.go:53.2,53.38 1 1
github.com/danfixeads/livepush/app/app_client.go:41.43,44.3 2 1
github.com/danfixeads/livepush/app/app_client.go:48.45,51.3 2 1
github.com/danfixeads/livepush/app/app_client.go:57.68,63.45 4 1
github.com/danfixeads/livepush/app/app_client.go:68.2,68.75 1 1
github.com/danfixeads/livepush/app/app_client.go:63.45,66.3 2 1
github.com/danfixeads/livepush/app/app_client.go:72.66,79.29 4 1
github.com/danfixeads/livepush/app/app_client.go:83.2,85.44 2 1
github.com/danfixeads/livepush/app/app_client.go:79.29,81.3 1 1
github.com/danfixeads/livepush/app/app_client.go:89.65,95.46 4 1
github.com/danfixeads/livepush/app/app_client.go:103.2,103.38 1 1
github.com/danfixeads/livepush/app/app_client.go:95.46,96.14 1 1
github.com/danfixeads/livepush/app/app_client.go:100.3,100.9 1 1
github.com/danfixeads/livepush/app/app_client.go:97.11,98.64 1 1
github.com/danfixeads/livepush/app/app_push.go:16.69,20.44 3 1
github.com/danfixeads/livepush/app/app_push.go:24.2,29.50 5 1
github.com/danfixeads/livepush/app/app_push.go:34.2,34.45 1 1
github.com/danfixeads/livepush/app/app_push.go:39.2,43.16 3 1
github.com/danfixeads/livepush/app/app_push.go:48.2,48.44 1 1
github.com/danfixeads/livepush/app/app_push.go:20.44,23.3 2 1
github.com/danfixeads/livepush/app/app_push.go:29.50,32.3 2 1
github.com/danfixeads/livepush/app/app_push.go:34.45,37.3 2 1
github.com/danfixeads/livepush/app/app_push.go:43.16,46.3 2 1
github.com/danfixeads/livepush/app/app_push.go:51.73,55.44 3 1
github.com/danfixeads/livepush/app/app_push.go:59.2,64.54 5 1
github.com/danfixeads/livepush/app/app_push.go:69.2,73.16 3 1
github.com/danfixeads/livepush/app/app_push.go:78.2,78.44 1 1
github.com/danfixeads/livepush/app/app_push.go:55.44,58.3 2 1
github.com/danfixeads/livepush/app/app_push.go:64.54,67.3 2 1
github.com/danfixeads/livepush/app/app_push.go:73.16,76.3 2 1
github.com/danfixeads/livepush/app/app_push.go:81.66,87.45 4 1
github.com/danfixeads/livepush/app/app_push.go:92.2,92.75 1 1
github.com/danfixeads/livepush/app/app_push.go:87.45,90.3 2 1
github.com/danfixeads/livepush/app/app_push.go:96.64,103.29 4 1
github.com/danfixeads/livepush/app/app_push.go:107.2,109.44 2 1
github.com/danfixeads/livepush/app/app_push.go:103.29,105.3 1 1
github.com/danfixeads/livepush/app/app_push.go:113.63,119.46 4 1
github.com/danfixeads/livepush/app/app_push.go:127.2,127.38 1 1
github.com/danfixeads/livepush/app/app_push.go:119.46,120.14 1 1
github.com/danfixeads/livepush/app/app_push.go:124.3,124.9 1 1
github.com/danfixeads/livepush/app/app_push.go:121.11,122.62 1 1
github.com/danfixeads/livepush/app/app_push.go:131.63,136.35 1 1
github.com/danfixeads/livepush/app/app_push.go:136.35,158.3 10 1
