mode: set
github.com/danfixeads/livepush/main.go:12.13,14.2 1 1
github.com/danfixeads/livepush/main.go:16.17,20.2 3 1
github.com/danfixeads/livepush/main.go:22.33,23.16 1 1
github.com/danfixeads/livepush/main.go:23.16,25.3 1 0
github.com/danfixeads/livepush/app/app.go:25.37,34.2 4 1
github.com/danfixeads/livepush/app/app.go:37.42,39.2 1 1
github.com/danfixeads/livepush/app/app.go:42.43,93.2 8 1
github.com/danfixeads/livepush/app/app.go:96.35,121.45 18 1
github.com/danfixeads/livepush/app/app.go:124.2,124.47 1 0
github.com/danfixeads/livepush/app/app.go:121.45,123.3 1 1
github.com/danfixeads/livepush/app/app.go:131.72,133.2 1 1
github.com/danfixeads/livepush/app/app.go:135.76,141.2 4 1
github.com/danfixeads/livepush/app/app_client.go:12.68,16.43 3 1
github.com/danfixeads/livepush/app/app_client.go:20.2,22.45 2 1
github.com/danfixeads/livepush/app/app_client.go:30.2,30.43 1 1
github.com/danfixeads/livepush/app/app_client.go:16.43,19.3 2 1
github.com/danfixeads/livepush/app/app_client.go:22.45,23.14 1 1
github.com/danfixeads/livepush/app/app_client.go:27.3,27.9 1 1
github.com/danfixeads/livepush/app/app_client.go:24.11,25.59 1 1
github.com/danfixeads/livepush/app/app_client.go:34.68,41.43 5 1
github.com/danfixeads/livepush/app/app_client.go:45.2,48.45 3 1
github.com/danfixeads/livepush/app/app_client.go:53.2,53.38 1 1
github.com/danfixeads/livepush/app/app_client.go:41.43,44.3 2 1
github.com/danfixeads/livepush/app/app_client.go:48.45,51.3 2 1
github.com/danfixeads/livepush/app/app_client.go:57.68,63.45 4 1
github.com/danfixeads/livepush/app/app_client.go:68.2,68.75 1 1
github.com/danfixeads/livepush/app/app_client.go:63.45,66.3 2 1
github.com/danfixeads/livepush/app/app_client.go:72.66,79.29 4 1
github.com/danfixeads/livepush/app/app_client.go:83.2,85.44 2 1
github.com/danfixeads/livepush/app/app_client.go:79.29,81.3 1 1
github.com/danfixeads/livepush/app/app_client.go:89.65,95.46 4 1
github.com/danfixeads/livepush/app/app_client.go:103.2,103.38 1 1
github.com/danfixeads/livepush/app/app_client.go:95.46,96.14 1 1
github.com/danfixeads/livepush/app/app_client.go:100.3,100.9 1 1
github.com/danfixeads/livepush/app/app_client.go:97.11,98.64 1 1
github.com/danfixeads/livepush/app/app_push.go:16.69,20.44 3 1
github.com/danfixeads/livepush/app/app_push.go:24.2,29.50 5 1
github.com/danfixeads/livepush/app/app_push.go:34.2,34.45 1 1
github.com/danfixeads/livepush/app/app_push.go:39.2,43.16 3 1
github.com/danfixeads/livepush/app/app_push.go:48.2,48.44 1 1
github.com/danfixeads/livepush/app/app_push.go:20.44,23.3 2 1
github.com/danfixeads/livepush/app/app_push.go:29.50,32.3 2 1
github.com/danfixeads/livepush/app/app_push.go:34.45,37.3 2 1
github.com/danfixeads/livepush/app/app_push.go:43.16,46.3 2 1
github.com/danfixeads/livepush/app/app_push.go:51.73,55.44 3 1
github.com/danfixeads/livepush/app/app_push.go:59.2,64.54 5 1
github.com/danfixeads/livepush/app/app_push.go:69.2,73.16 3 1
github.com/danfixeads/livepush/app/app_push.go:78.2,78.44 1 1
github.com/danfixeads/livepush/app/app_push.go:55.44,58.3 2 1
github.com/danfixeads/livepush/app/app_push.go:64.54,67.3 2 1
github.com/danfixeads/livepush/app/app_push.go:73.16,76.3 2 1
github.com/danfixeads/livepush/app/app_push.go:81.66,87.45 4 1
github.com/danfixeads/livepush/app/app_push.go:92.2,92.75 1 1
github.com/danfixeads/livepush/app/app_push.go:87.45,90.3 2 1
github.com/danfixeads/livepush/app/app_push.go:96.64,103.29 4 1
github.com/danfixeads/livepush/app/app_push.go:107.2,109.44 2 1
github.com/danfixeads/livepush/app/app_push.go:103.29,105.3 1 1
github.com/danfixeads/livepush/app/app_push.go:113.63,119.46 4 1
github.com/danfixeads/livepush/app/app_push.go:127.2,127.38 1 1
github.com/danfixeads/livepush/app/app_push.go:119.46,120.14 1 1
github.com/danfixeads/livepush/app/app_push.go:124.3,124.9 1 1
github.com/danfixeads/livepush/app/app_push.go:121.11,122.62 1 1
github.com/danfixeads/livepush/app/app_push.go:131.63,136.35 1 1
github.com/danfixeads/livepush/app/app_push.go:136.35,158.3 10 1
github.com/danfixeads/livepush/models/client.go:28.48,30.2 1 1
github.com/danfixeads/livepush/models/client.go:33.64,34.111 1 1
github.com/danfixeads/livepush/models/client.go:37.2,37.24 1 1
github.com/danfixeads/livepush/models/client.go:34.111,36.3 1 1
github.com/danfixeads/livepush/models/client.go:41.43,47.16 3 1
github.com/danfixeads/livepush/models/client.go:52.2,53.20 2 1
github.com/danfixeads/livepush/models/client.go:57.2,60.16 3 1
github.com/danfixeads/livepush/models/client.go:72.2,72.12 1 1
github.com/danfixeads/livepush/models/client.go:47.16,50.3 1 1
github.com/danfixeads/livepush/models/client.go:53.20,55.3 1 1
github.com/danfixeads/livepush/models/client.go:60.16,66.17 3 1
github.com/danfixeads/livepush/models/client.go:66.17,68.4 1 1
github.com/danfixeads/livepush/models/client.go:76.43,79.43 1 1
github.com/danfixeads/livepush/models/client.go:85.2,86.49 2 1
github.com/danfixeads/livepush/models/client.go:90.2,94.12 2 1
github.com/danfixeads/livepush/models/client.go:79.43,82.3 1 1
github.com/danfixeads/livepush/models/client.go:86.49,88.3 1 1
github.com/danfixeads/livepush/models/client.go:98.43,101.55 2 1
github.com/danfixeads/livepush/models/client.go:105.2,105.12 1 1
github.com/danfixeads/livepush/models/client.go:101.55,103.3 1 1
github.com/danfixeads/livepush/models/client.go:109.66,119.18 6 1
github.com/danfixeads/livepush/models/client.go:126.2,126.21 1 1
github.com/danfixeads/livepush/models/client.go:119.18,124.3 4 1
github.com/danfixeads/livepush/models/client.go:133.41,136.23 2 1
github.com/danfixeads/livepush/models/client.go:139.2,139.65 1 1
github.com/danfixeads/livepush/models/client.go:142.2,142.65 1 1
github.com/danfixeads/livepush/models/client.go:145.2,145.71 1 1
github.com/danfixeads/livepush/models/client.go:151.2,151.12 1 1
github.com/danfixeads/livepush/models/client.go:136.23,138.3 1 1
github.com/danfixeads/livepush/models/client.go:139.65,141.3 1 1
github.com/danfixeads/livepush/models/client.go:142.65,144.3 1 1
github.com/danfixeads/livepush/models/client.go:145.71,147.3 1 1
github.com/danfixeads/livepush/models/dbconfig.go:18.30,21.45 2 1
github.com/danfixeads/livepush/models/dbconfig.go:25.2,31.3 1 1
github.com/danfixeads/livepush/models/dbconfig.go:21.45,23.3 1 1
github.com/danfixeads/livepush/models/push.go:24.46,26.2 1 1
github.com/danfixeads/livepush/models/push.go:29.41,34.16 3 1
github.com/danfixeads/livepush/models/push.go:39.2,42.16 3 1
github.com/danfixeads/livepush/models/push.go:53.2,53.12 1 1
github.com/danfixeads/livepush/models/push.go:34.16,37.3 1 1
github.com/danfixeads/livepush/models/push.go:42.16,48.17 3 1
github.com/danfixeads/livepush/models/push.go:48.17,50.4 1 1
github.com/danfixeads/livepush/models/push.go:57.41,60.55 2 1
github.com/danfixeads/livepush/models/push.go:64.2,64.12 1 1
github.com/danfixeads/livepush/models/push.go:60.55,62.3 1 1
github.com/danfixeads/livepush/models/push.go:68.63,78.18 6 1
github.com/danfixeads/livepush/models/push.go:85.2,85.20 1 1
github.com/danfixeads/livepush/models/push.go:78.18,83.3 4 1
github.com/danfixeads/livepush/models/push.go:92.39,95.23 2 1
github.com/danfixeads/livepush/models/push.go:99.2,99.23 1 1
github.com/danfixeads/livepush/models/push.go:103.2,103.22 1 1
github.com/danfixeads/livepush/models/push.go:109.2,109.12 1 1
github.com/danfixeads/livepush/models/push.go:95.23,97.3 1 1
github.com/danfixeads/livepush/models/push.go:99.23,101.3 1 1
github.com/danfixeads/livepush/models/push.go:103.22,105.3 1 1
