mode: set
github.com/danfixeads/livepush/app/app.go:25.37,34.2 4 1
github.com/danfixeads/livepush/app/app.go:37.42,39.2 1 1
github.com/danfixeads/livepush/app/app.go:42.43,92.2 8 1
github.com/danfixeads/livepush/app/app.go:95.35,108.45 7 1
github.com/danfixeads/livepush/app/app.go:111.2,111.47 1 0
github.com/danfixeads/livepush/app/app.go:108.45,110.3 1 1
github.com/danfixeads/livepush/app/app.go:118.72,120.2 1 1
github.com/danfixeads/livepush/app/app.go:122.76,128.2 4 1
github.com/danfixeads/livepush/app/app_client.go:12.68,16.43 3 1
github.com/danfixeads/livepush/app/app_client.go:20.2,22.45 2 1
github.com/danfixeads/livepush/app/app_client.go:30.2,30.43 1 1
github.com/danfixeads/livepush/app/app_client.go:16.43,19.3 2 1
github.com/danfixeads/livepush/app/app_client.go:22.45,23.14 1 1
github.com/danfixeads/livepush/app/app_client.go:27.3,27.9 1 1
github.com/danfixeads/livepush/app/app_client.go:24.11,25.59 1 1
github.com/danfixeads/livepush/app/app_client.go:34.68,41.43 5 1
github.com/danfixeads/livepush/app/app_client.go:45.2,48.45 3 1
github.com/danfixeads/livepush/app/app_client.go:53.2,53.38 1 1
github.com/danfixeads/livepush/app/app_client.go:41.43,44.3 2 1
github.com/danfixeads/livepush/app/app_client.go:48.45,51.3 2 1
github.com/danfixeads/livepush/app/app_client.go:57.68,63.45 4 1
github.com/danfixeads/livepush/app/app_client.go:68.2,68.75 1 1
github.com/danfixeads/livepush/app/app_client.go:63.45,66.3 2 1
github.com/danfixeads/livepush/app/app_client.go:72.66,74.2 0 0
github.com/danfixeads/livepush/app/app_client.go:76.65,82.46 4 1
github.com/danfixeads/livepush/app/app_client.go:90.2,90.38 1 1
github.com/danfixeads/livepush/app/app_client.go:82.46,83.14 1 1
github.com/danfixeads/livepush/app/app_client.go:87.3,87.9 1 1
github.com/danfixeads/livepush/app/app_client.go:84.11,85.64 1 1
