mode: set
github.com/danfixeads/livepush/app/app.go:25.37,34.2 4 1
github.com/danfixeads/livepush/app/app.go:37.42,39.2 1 1
github.com/danfixeads/livepush/app/app.go:42.43,92.2 8 1
github.com/danfixeads/livepush/app/app.go:95.35,120.45 18 1
github.com/danfixeads/livepush/app/app.go:123.2,123.47 1 0
github.com/danfixeads/livepush/app/app.go:120.45,122.3 1 1
github.com/danfixeads/livepush/app/app.go:130.72,132.2 1 1
github.com/danfixeads/livepush/app/app.go:134.76,140.2 4 1
github.com/danfixeads/livepush/app/app_client.go:12.68,16.43 3 1
github.com/danfixeads/livepush/app/app_client.go:20.2,22.45 2 1
github.com/danfixeads/livepush/app/app_client.go:30.2,30.43 1 1
github.com/danfixeads/livepush/app/app_client.go:16.43,19.3 2 1
github.com/danfixeads/livepush/app/app_client.go:22.45,23.14 1 1
github.com/danfixeads/livepush/app/app_client.go:27.3,27.9 1 1
github.com/danfixeads/livepush/app/app_client.go:24.11,25.59 1 1
github.com/danfixeads/livepush/app/app_client.go:34.68,41.43 5 1
github.com/danfixeads/livepush/app/app_client.go:45.2,48.45 3 1
github.com/danfixeads/livepush/app/app_client.go:53.2,53.38 1 1
github.com/danfixeads/livepush/app/app_client.go:41.43,44.3 2 1
github.com/danfixeads/livepush/app/app_client.go:48.45,51.3 2 1
github.com/danfixeads/livepush/app/app_client.go:57.68,63.45 4 1
github.com/danfixeads/livepush/app/app_client.go:68.2,68.75 1 1
github.com/danfixeads/livepush/app/app_client.go:63.45,66.3 2 1
github.com/danfixeads/livepush/app/app_client.go:72.66,79.29 4 1
github.com/danfixeads/livepush/app/app_client.go:83.2,85.44 2 1
github.com/danfixeads/livepush/app/app_client.go:79.29,81.3 1 1
github.com/danfixeads/livepush/app/app_client.go:89.65,95.46 4 1
github.com/danfixeads/livepush/app/app_client.go:103.2,103.38 1 1
github.com/danfixeads/livepush/app/app_client.go:95.46,96.14 1 1
github.com/danfixeads/livepush/app/app_client.go:100.3,100.9 1 1
github.com/danfixeads/livepush/app/app_client.go:97.11,98.64 1 1
github.com/danfixeads/livepush/app/app_push.go:13.69,17.44 3 1
github.com/danfixeads/livepush/app/app_push.go:21.2,26.50 5 1
github.com/danfixeads/livepush/app/app_push.go:31.2,31.45 1 1
github.com/danfixeads/livepush/app/app_push.go:36.2,36.52 1 1
github.com/danfixeads/livepush/app/app_push.go:41.2,41.44 1 1
github.com/danfixeads/livepush/app/app_push.go:17.44,20.3 2 1
github.com/danfixeads/livepush/app/app_push.go:26.50,29.3 2 1
github.com/danfixeads/livepush/app/app_push.go:31.45,34.3 2 1
github.com/danfixeads/livepush/app/app_push.go:36.52,39.3 2 1
github.com/danfixeads/livepush/app/app_push.go:44.73,48.44 3 0
github.com/danfixeads/livepush/app/app_push.go:52.2,57.54 5 0
github.com/danfixeads/livepush/app/app_push.go:62.2,62.56 1 0
github.com/danfixeads/livepush/app/app_push.go:67.2,67.44 1 0
github.com/danfixeads/livepush/app/app_push.go:48.44,51.3 2 0
github.com/danfixeads/livepush/app/app_push.go:57.54,60.3 2 0
github.com/danfixeads/livepush/app/app_push.go:62.56,65.3 2 0
github.com/danfixeads/livepush/app/app_push.go:70.66,76.45 4 1
github.com/danfixeads/livepush/app/app_push.go:81.2,81.75 1 1
github.com/danfixeads/livepush/app/app_push.go:76.45,79.3 2 1
github.com/danfixeads/livepush/app/app_push.go:85.64,92.29 4 1
github.com/danfixeads/livepush/app/app_push.go:96.2,98.44 2 1
github.com/danfixeads/livepush/app/app_push.go:92.29,94.3 1 1
github.com/danfixeads/livepush/app/app_push.go:102.63,108.46 4 1
github.com/danfixeads/livepush/app/app_push.go:116.2,116.38 1 1
github.com/danfixeads/livepush/app/app_push.go:108.46,109.14 1 1
github.com/danfixeads/livepush/app/app_push.go:113.3,113.9 1 1
github.com/danfixeads/livepush/app/app_push.go:110.11,111.62 1 1
